<?xml version="1.0" encoding="UTF-8"?>
<testsuites name="JenkinnsTest" time="14" tests="2" failures="0" errors="0">
   <testsuite name="JenkinnsTest" tests="2" failures="0" errors="0" time="14" timestamp="2018-07-26 15:17:46" hostname="slk - WSLK1FFTRFW-14.SLKSOFT.COM" id="Test Suites/JenkinsTestSuite/JenkinnsTest">
      <properties>
         <property name="deviceName" value=""/>
         <property name="devicePlatform" value=""/>
         <property name="logFolder" value="C:\\Users\\slk.WSLK1GFTR4P-01.013\\Katalon Studio\\CustomKeywords\\Reports\\JenkinsTestSuite\\JenkinnsTest\\20180726_151745"/>
         <property name="logFiles" value="C:\\Users\\slk.WSLK1GFTR4P-01.013\\Katalon Studio\\CustomKeywords\\Reports\\JenkinsTestSuite\\JenkinnsTest\\20180726_151745\\execution0.log"/>
         <property name="attachments" value=""/>
         <property name="hostName" value="slk - WSLK1FFTRFW-14.SLKSOFT.COM"/>
         <property name="os" value="Windows 7 64bit"/>
         <property name="katalonVersion" value="5.5.0.1"/>
         <property name="browser" value="Chrome 67.0.3396.99"/>
         <property name="hostAddress" value="192.168.56.1"/>
         <property name="sessionId" value="819b46a62662beaf4e84f151872382f4"/>
         <property name="seleniumVersion" value="3.7.1"/>
         <property name="proxyInformation" value="ProxyInformation{proxyOption=NO_PROXY, proxyServerType=HTTP, password=, proxyServerAddress=, proxyServerPort=0}"/>
         <property name="platform" value="Windows 7"/>
      </properties>
      <testcase name="Test Cases/CustomKeywords/costomkey" classname="Test Cases/CustomKeywords/costomkey" status="PASSED">
         <system-out><![CDATA[2018-07-26 15:17:47 - [TEST_CASE][PASSED] - Test Cases/CustomKeywords/costomkey: Test Cases/CustomKeywords/costomkey

2018-07-26 15:17:47 - [TEST_STEP][PASSED] - newpakage.hello.prinln: newpakage.hello.prinln is PASSED

2018-07-26 15:17:47 - [MESSAGE][PASSED] - newpakage.hello.prinln is PASSED

2018-07-26 15:17:47 - [TEST_STEP][PASSED] - newpakage.hello.printName: newpakage.hello.printName is PASSED

2018-07-26 15:17:47 - [MESSAGE][PASSED] - newpakage.hello.printName is PASSED

2018-07-26 15:17:47 - [TEST_STEP][PASSED] - newpakage.hello.printName: newpakage.hello.printName is PASSED

2018-07-26 15:17:47 - [MESSAGE][PASSED] - newpakage.hello.printName is PASSED

2018-07-26 15:17:47 - [TEST_STEP][PASSED] - newpakage.hello.prinln: newpakage.hello.prinln is PASSED

2018-07-26 15:17:47 - [MESSAGE][PASSED] - newpakage.hello.prinln is PASSED

2018-07-26 15:17:47 - [TEST_STEP][PASSED] - newpakage.hello.CalcilateSum: newpakage.hello.CalcilateSum is PASSED

2018-07-26 15:17:47 - [MESSAGE][PASSED] - newpakage.hello.CalcilateSum is PASSED

2018-07-26 15:17:47 - [TEST_STEP][PASSED] - newpakage.hello.CalcilateSumshobha: newpakage.hello.CalcilateSumshobha is PASSED

2018-07-26 15:17:47 - [MESSAGE][PASSED] - newpakage.hello.CalcilateSumshobha is PASSED]]></system-out>
         <system-err><![CDATA[]]></system-err>
      </testcase>
      <testcase name="Test Cases/CustomKeywords/JenkinsTest" classname="Test Cases/CustomKeywords/JenkinsTest" status="PASSED">
         <system-out><![CDATA[2018-07-26 15:17:47 - [TEST_CASE][PASSED] - Test Cases/CustomKeywords/JenkinsTest: Test Cases/CustomKeywords/JenkinsTest

2018-07-26 15:17:47 - [TEST_STEP][PASSED] - openBrowser: Browser is opened with url: ''

2018-07-26 15:17:50 - [MESSAGE][PASSED] - Browser is opened with url: ''

2018-07-26 15:17:50 - [TEST_STEP][PASSED] - navigateToUrl: Navigate to 'https://opensource-demo.orangehrmlive.com/' successfully

2018-07-26 15:17:56 - [MESSAGE][PASSED] - Navigate to 'https://opensource-demo.orangehrmlive.com/' successfully

2018-07-26 15:17:56 - [TEST_STEP][PASSED] - setText: Text 'Admin' is set on object 'Object Repository/Page_OrangeHRM/input_txtUsername'

2018-07-26 15:17:56 - [MESSAGE][PASSED] - Text 'Admin' is set on object 'Object Repository/Page_OrangeHRM/input_txtUsername'

2018-07-26 15:17:56 - [TEST_STEP][PASSED] - setEncryptedText: Text ****** has been set on object 'Object Repository/Page_OrangeHRM/input_txtPassword'

2018-07-26 15:17:56 - [MESSAGE][PASSED] - Text ****** has been set on object 'Object Repository/Page_OrangeHRM/input_txtPassword'

2018-07-26 15:17:56 - [TEST_STEP][PASSED] - click: Object: 'Object Repository/Page_OrangeHRM/input_Submit' is clicked on

2018-07-26 15:18:00 - [MESSAGE][PASSED] - Object: 'Object Repository/Page_OrangeHRM/input_Submit' is clicked on

2018-07-26 15:18:00 - [TEST_STEP][PASSED] - closeBrowser: Browser is closed

2018-07-26 15:18:01 - [MESSAGE][PASSED] - Browser is closed]]></system-out>
         <system-err><![CDATA[]]></system-err>
      </testcase>
      <system-out><![CDATA[2018-07-26 15:17:46 - [TEST_SUITE][PASSED] - JenkinnsTest: Test Cases/CustomKeywords/JenkinsTest]]></system-out>
      <system-err><![CDATA[]]></system-err>
   </testsuite>
</testsuites>
